<?xml version="1.0" encoding="UTF-8"?>
<!-- Generated by org.testng.reporters.JUnitReportReporter -->
<testsuite hostname="DESKTOP-SE400S0" name="Test.TestApi" tests="4" failures="0" timestamp="10 May 2021 13:12:32 GMT" time="8.063" errors="0">
  <testcase name="login" time="1.107" classname="Test.TestApi"/>
  <testcase name="getallProducts" time="2.350" classname="Test.TestApi"/>
  <testcase name="updateBulkProducts" time="2.643" classname="Test.TestApi"/>
  <testcase name="Logout" time="1.963" classname="Test.TestApi"/>
</testsuite> <!-- Test.TestApi -->
