<?xml version="1.0" encoding="UTF-8"?>
<!-- Generated by org.testng.reporters.JUnitReportReporter -->
<testsuite hostname="DESKTOP-SE400S0" name="Test.TestApi" tests="4" failures="0" timestamp="11 May 2021 08:50:36 GMT" time="4.199" errors="0">
  <testcase name="getallProducts" time="2.211" classname="Test.TestApi"/>
  <testcase name="updateBulkProducts" time="0.590" classname="Test.TestApi"/>
  <testcase name="Logout" time="0.703" classname="Test.TestApi"/>
  <testcase name="login" time="0.695" classname="Test.TestApi"/>
</testsuite> <!-- Test.TestApi -->
